<?xml version="1.0" encoding="UTF-8"?>
<!-- Generated by org.testng.reporters.JUnitReportReporter -->
<testsuite skipped="0" hostname="ADFL-1200" name="org.samp.StreamsExercise" tests="1" failures="0" timestamp="25 Feb 2021 07:56:35 GMT" time="0.052" errors="0">
  <testcase name="mani" time="0.052" classname="org.samp.StreamsExercise"/>
</testsuite> <!-- org.samp.StreamsExercise -->
